[debug] [2022-02-14T14:11:58.048Z] ----------------------------------------------------------------------
[debug] [2022-02-14T14:11:58.050Z] Command:       C:\Program Files\nodejs\node.exe C:\Users\Stanislav\AppData\Roaming\npm\node_modules\firebase-tools\lib\bin\firebase.js init
[debug] [2022-02-14T14:11:58.051Z] CLI Version:   10.2.0
[debug] [2022-02-14T14:11:58.051Z] Platform:      win32
[debug] [2022-02-14T14:11:58.051Z] Node Version:  v16.13.1
[debug] [2022-02-14T14:11:58.052Z] Time:          Mon Feb 14 2022 19:11:58 GMT+0500 (Екатеринбург, стандартное время)
[debug] [2022-02-14T14:11:58.052Z] ----------------------------------------------------------------------
[debug] 
[debug] [2022-02-14T14:11:58.121Z] > command requires scopes: ["email","openid","https://www.googleapis.com/auth/cloudplatformprojects.readonly","https://www.googleapis.com/auth/firebase","https://www.googleapis.com/auth/cloud-platform"]
[debug] [2022-02-14T14:11:58.121Z] > authorizing via signed-in user (svdunaev95@gmail.com)
[info] 
     ######## #### ########  ######## ########     ###     ######  ########
     ##        ##  ##     ## ##       ##     ##  ##   ##  ##       ##
     ######    ##  ########  ######   ########  #########  ######  ######
     ##        ##  ##    ##  ##       ##     ## ##     ##       ## ##
     ##       #### ##     ## ######## ########  ##     ##  ######  ########

You're about to initialize a Firebase project in this directory:

  C:\Users\Stanislav\avito-test-task\avito-test

Before we get started, keep in mind:

  * You are initializing within an existing Firebase project directory

